<?xml version="1.0" encoding="UTF-8"?>
<testng-results skipped="0" failed="0" ignored="0" total="2" passed="2">
  <reporter-output>
  </reporter-output>
  <suite name="Suite" duration-ms="64" started-at="2020-02-26T18:15:11 IST" finished-at="2020-02-26T18:15:11 IST">
    <groups>
    </groups>
    <test name="Test" duration-ms="64" started-at="2020-02-26T18:15:11 IST" finished-at="2020-02-26T18:15:11 IST">
      <class name="qaclickacademy.SeleniumTest">
        <test-method status="PASS" signature="BrowserAutomation()[pri:0, instance:qaclickacademy.SeleniumTest@1ed4004b]" name="BrowserAutomation" duration-ms="10" started-at="2020-02-26T18:15:11 IST" finished-at="2020-02-26T18:15:11 IST">
          <reporter-output>
          </reporter-output>
        </test-method> <!-- BrowserAutomation -->
        <test-method status="PASS" signature="elementsUI()[pri:0, instance:qaclickacademy.SeleniumTest@1ed4004b]" name="elementsUI" duration-ms="0" started-at="2020-02-26T18:15:11 IST" finished-at="2020-02-26T18:15:11 IST">
          <reporter-output>
          </reporter-output>
        </test-method> <!-- elementsUI -->
      </class> <!-- qaclickacademy.SeleniumTest -->
    </test> <!-- Test -->
  </suite> <!-- Suite -->
</testng-results>
